[debug] [2025-05-15T18:27:44.411Z] ----------------------------------------------------------------------
[debug] [2025-05-15T18:27:44.413Z] Command:       C:\DEV\nodejs\node.exe C:\Users\cdele\AppData\Roaming\npm\node_modules\firebase-tools\lib\bin\firebase.js init
[debug] [2025-05-15T18:27:44.413Z] CLI Version:   14.3.1
[debug] [2025-05-15T18:27:44.413Z] Platform:      win32
[debug] [2025-05-15T18:27:44.413Z] Node Version:  v20.17.0
[debug] [2025-05-15T18:27:44.413Z] Time:          Thu May 15 2025 14:27:44 GMT-0400 (Eastern Daylight Time)
[debug] [2025-05-15T18:27:44.414Z] ----------------------------------------------------------------------
[debug] 
[debug] [2025-05-15T18:27:44.417Z] > command requires scopes: ["email","openid","https://www.googleapis.com/auth/cloudplatformprojects.readonly","https://www.googleapis.com/auth/firebase","https://www.googleapis.com/auth/cloud-platform"]
[debug] [2025-05-15T18:27:44.418Z] > authorizing via signed-in user (cdelerme7673@gmail.com)
[info] 
     ######## #### ########  ######## ########     ###     ######  ########
     ##        ##  ##     ## ##       ##     ##  ##   ##  ##       ##
     ######    ##  ########  ######   ########  #########  ######  ######
     ##        ##  ##    ##  ##       ##     ## ##     ##       ## ##
     ##       #### ##     ## ######## ########  ##     ##  ######  ########

You're about to initialize a Firebase project in this directory:

  C:\DEV\expense-tracker

Before we get started, keep in mind:

  * You are currently outside your home directory

[info] 
=== Project Setup
[info] 
[info] First, let's associate this project directory with a Firebase project.
[info] You can create multiple project aliases by running firebase use --add, 
[info] but for now we'll just set up a default project.
[info] 
[debug] [2025-05-15T18:27:51.611Z] Checked if tokens are valid: true, expires at: 1747337145511
[debug] [2025-05-15T18:27:51.611Z] Checked if tokens are valid: true, expires at: 1747337145511
[debug] [2025-05-15T18:27:51.615Z] >>> [apiv2][query] GET https://firebase.googleapis.com/v1beta1/projects pageSize=100
[debug] [2025-05-15T18:27:51.948Z] <<< [apiv2][status] GET https://firebase.googleapis.com/v1beta1/projects 200
[debug] [2025-05-15T18:27:51.948Z] <<< [apiv2][body] GET https://firebase.googleapis.com/v1beta1/projects [omitted]
[info] i  Using project expense-tracker-88f88 (expense-tracker) 
[info] 
=== Hosting Setup
[debug] [2025-05-15T18:27:54.698Z] Checked if tokens are valid: true, expires at: 1747337145511
[debug] [2025-05-15T18:27:54.698Z] Checked if tokens are valid: true, expires at: 1747337145511
[debug] [2025-05-15T18:27:54.699Z] >>> [apiv2][query] GET https://firebase.googleapis.com/v1beta1/projects/expense-tracker-88f88 [none]
[debug] [2025-05-15T18:27:54.953Z] <<< [apiv2][status] GET https://firebase.googleapis.com/v1beta1/projects/expense-tracker-88f88 200
[debug] [2025-05-15T18:27:54.953Z] <<< [apiv2][body] GET https://firebase.googleapis.com/v1beta1/projects/expense-tracker-88f88 {"projectId":"expense-tracker-88f88","projectNumber":"971422880700","displayName":"expense-tracker","name":"projects/expense-tracker-88f88","resources":{"hostingSite":"expense-tracker-88f88"},"state":"ACTIVE","etag":"1_0f46033f-ab60-4af4-a130-708175eb5eb5"}
[info] 
[info] Your public directory is the folder (relative to your project directory) that
[info] will contain Hosting assets to be uploaded with firebase deploy. If you
[info] have a build process for your assets, use your build's output directory.
[info] 
[info] i  public/404.html is unchanged 
[debug] [2025-05-15T18:28:10.392Z] >>> [apiv2][query] GET https://www.gstatic.com/firebasejs/releases.json [none]
[debug] [2025-05-15T18:28:10.466Z] <<< [apiv2][status] GET https://www.gstatic.com/firebasejs/releases.json 200
[debug] [2025-05-15T18:28:10.467Z] <<< [apiv2][body] GET https://www.gstatic.com/firebasejs/releases.json {"current":{"version":"11.7.3","browserURL":"https://www.gstatic.com/firebasejs/11.7.3/firebase.js","packageURL":"https://www.gstatic.com/firebasejs/11.7.3/firebase.tgz"},"live":{"version":"11.7","browserURL":"https://www.gstatic.com/firebasejs/live/11.7/firebase.js","packageURL":"https://www.gstatic.com/firebasejs/live/11.7/firebase.tgz"},"components":{"analytics":"https://www.gstatic.com/firebasejs/11.7.3/firebase-analytics.js","app":"https://www.gstatic.com/firebasejs/11.7.3/firebase-app.js","app-check":"https://www.gstatic.com/firebasejs/11.7.3/firebase-app-check.js","auth":"https://www.gstatic.com/firebasejs/11.7.3/firebase-auth.js","auth/cordova":"https://www.gstatic.com/firebasejs/11.7.3/firebase-auth/cordova.js","auth/web-extension":"https://www.gstatic.com/firebasejs/11.7.3/firebase-auth/web-extension.js","functions":"https://www.gstatic.com/firebasejs/11.7.3/firebase-functions.js","firestore":"https://www.gstatic.com/firebasejs/11.7.3/firebase-firestore.js","firestore/lite":"https://www.gstatic.com/firebasejs/11.7.3/firebase-firestore/lite.js","installations":"https://www.gstatic.com/firebasejs/11.7.3/firebase-installations.js","storage":"https://www.gstatic.com/firebasejs/11.7.3/firebase-storage.js","performance":"https://www.gstatic.com/firebasejs/11.7.3/firebase-performance.js","remote-config":"https://www.gstatic.com/firebasejs/11.7.3/firebase-remote-config.js","messaging":"https://www.gstatic.com/firebasejs/11.7.3/firebase-messaging.js","messaging/sw":"https://www.gstatic.com/firebasejs/11.7.3/firebase-messaging/sw.js","database":"https://www.gstatic.com/firebasejs/11.7.3/firebase-database.js","vertexai":"https://www.gstatic.com/firebasejs/11.7.3/firebase-vertexai.js","data-connect":"https://www.gstatic.com/firebasejs/11.7.3/firebase-data-connect.js","firestore.memory":"https://www.gstatic.com/firebasejs/11.7.3/firebase-firestore.memory.js"}}
[info] i  Skipping write of public/index.html 
[info] 
[info] i  Detected a .git folder at C:\DEV\expense-tracker 
[info] i  Authorizing with GitHub to upload your service account to a GitHub repository's secrets store. 
[info] 
[info] Visit this URL on this device to log in:
[info] https://github.com/login/oauth/authorize?client_id=89cf50f02ac6aaed3484&state=990090048&redirect_uri=http%3A%2F%2Flocalhost%3A9005&scope=read%3Auser%20repo%20public_repo
[info] 
[info] Waiting for authentication...
[debug] [2025-05-15T18:28:14.662Z] >>> [apiv2][query] POST https://github.com/login/oauth/access_token [none]
[debug] [2025-05-15T18:28:14.662Z] >>> [apiv2][body] POST https://github.com/login/oauth/access_token [stream]
[debug] [2025-05-15T18:28:14.835Z] <<< [apiv2][status] POST https://github.com/login/oauth/access_token 200
[debug] [2025-05-15T18:28:14.835Z] <<< [apiv2][body] POST https://github.com/login/oauth/access_token {"access_token":"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","token_type":"bearer","scope":"read:user,repo"}
[debug] [2025-05-15T18:28:14.838Z] >>> [apiv2][query] GET https://api.github.com/user [none]
[debug] [2025-05-15T18:28:15.034Z] <<< [apiv2][status] GET https://api.github.com/user 200
[debug] [2025-05-15T18:28:15.035Z] <<< [apiv2][body] GET https://api.github.com/user {"login":"CDelerme2","id":204243673,"node_id":"U_kgDODCyC2Q","avatar_url":"https://avatars.githubusercontent.com/u/204243673?v=4","gravatar_id":"","url":"https://api.github.com/users/CDelerme2","html_url":"https://github.com/CDelerme2","followers_url":"https://api.github.com/users/CDelerme2/followers","following_url":"https://api.github.com/users/CDelerme2/following{/other_user}","gists_url":"https://api.github.com/users/CDelerme2/gists{/gist_id}","starred_url":"https://api.github.com/users/CDelerme2/starred{/owner}{/repo}","subscriptions_url":"https://api.github.com/users/CDelerme2/subscriptions","organizations_url":"https://api.github.com/users/CDelerme2/orgs","repos_url":"https://api.github.com/users/CDelerme2/repos","events_url":"https://api.github.com/users/CDelerme2/events{/privacy}","received_events_url":"https://api.github.com/users/CDelerme2/received_events","type":"User","user_view_type":"private","site_admin":false,"name":null,"company":null,"blog":"","location":null,"email":null,"hireable":null,"bio":null,"twitter_username":null,"notification_email":null,"public_repos":6,"public_gists":0,"followers":0,"following":0,"created_at":"2025-03-20T18:20:16Z","updated_at":"2025-05-14T18:47:57Z","private_gists":0,"total_private_repos":0,"owned_private_repos":0,"disk_usage":1302,"collaborators":0,"two_factor_authentication":false,"plan":{"name":"free","space":976562499,"collaborators":0,"private_repos":10000}}
[info] 
[info] +  Success! Logged into GitHub as CDelerme2 
[info] 
[debug] [2025-05-15T18:28:32.839Z] >>> [apiv2][query] GET https://api.github.com/repos/expense-tracker/actions/secrets/public-key type=owner
[debug] [2025-05-15T18:28:32.965Z] <<< [apiv2][status] GET https://api.github.com/repos/expense-tracker/actions/secrets/public-key 404
[debug] [2025-05-15T18:28:32.965Z] <<< [apiv2][body] GET https://api.github.com/repos/expense-tracker/actions/secrets/public-key {"message":"Not Found","documentation_url":"https://docs.github.com/rest","status":"404"}
[info] 
[info] 
[error] !  The provided authorization cannot be used with this repository. If this repository is in an organization, did you remember to grant access? 
[info] 
[info] i  Action required: Visit this URL to ensure access has been granted to the appropriate organization(s) for the Firebase CLI GitHub OAuth App: 
[info] https://github.com/settings/connections/applications/89cf50f02ac6aaed3484
[info] 
[debug] [2025-05-16T16:55:30.340Z] ExitPromptError: User force closed the prompt with SIGINT
    at Interface.sigint (C:\Users\cdele\AppData\Roaming\npm\node_modules\firebase-tools\node_modules\@inquirer\core\dist\commonjs\lib\create-prompt.js:100:37)
    at Interface.emit (node:events:519:28)
    at Interface.emit (node:domain:488:12)
    at [_ttyWrite] [as _ttyWrite] (node:internal/readline/interface:1126:18)
    at ReadStream.onkeypress (node:internal/readline/interface:265:20)
    at ReadStream.emit (node:events:531:35)
    at ReadStream.emit (node:domain:488:12)
    at emitKeys (node:internal/readline/utils:371:14)
    at emitKeys.next (<anonymous>)
    at ReadStream.onData (node:internal/readline/emitKeypressEvents:64:36)
[error] 
[error] Error: An unexpected error has occurred.
